0 info it worked if it ends with ok
1 verbose cli [ '/usr/bin/node', '/usr/bin/npm', 'run', 'gulp' ]
2 info using npm@3.10.5
3 info using node@v6.3.1
4 verbose run-script [ 'pregulp', 'gulp', 'postgulp' ]
5 info lifecycle myosbb-web-app@1.0.0~pregulp: myosbb-web-app@1.0.0
6 silly lifecycle myosbb-web-app@1.0.0~pregulp: no script for pregulp, continuing
7 info lifecycle myosbb-web-app@1.0.0~gulp: myosbb-web-app@1.0.0
8 verbose lifecycle myosbb-web-app@1.0.0~gulp: unsafe-perm in lifecycle true
9 verbose lifecycle myosbb-web-app@1.0.0~gulp: PATH: /usr/lib/node_modules/npm/bin/node-gyp-bin:/home/aska/project/tmp/myosbb/web/src/main/resources/public/node_modules/.bin:/usr/bin:/usr/lib/node_modules/npm/bin/node-gyp-bin:/home/aska/project/tmp/myosbb/web/src/main/resources/public/node_modules/.bin:/usr/bin:/usr/local/sbin:/usr/local/bin:/usr/bin:/usr/lib/jvm/default/bin:/usr/bin/site_perl:/usr/bin/vendor_perl:/usr/bin/core_perl
10 verbose lifecycle myosbb-web-app@1.0.0~gulp: CWD: /home/aska/project/tmp/myosbb/web/src/main/resources/public
11 silly lifecycle myosbb-web-app@1.0.0~gulp: Args: [ '-c', 'gulp' ]
12 silly lifecycle myosbb-web-app@1.0.0~gulp: Returned: code: 1  signal: null
13 info lifecycle myosbb-web-app@1.0.0~gulp: Failed to exec gulp script
14 verbose stack Error: myosbb-web-app@1.0.0 gulp: `gulp`
14 verbose stack Exit status 1
14 verbose stack     at EventEmitter.<anonymous> (/usr/lib/node_modules/npm/lib/utils/lifecycle.js:242:16)
14 verbose stack     at emitTwo (events.js:106:13)
14 verbose stack     at EventEmitter.emit (events.js:191:7)
14 verbose stack     at ChildProcess.<anonymous> (/usr/lib/node_modules/npm/lib/utils/spawn.js:40:14)
14 verbose stack     at emitTwo (events.js:106:13)
14 verbose stack     at ChildProcess.emit (events.js:191:7)
14 verbose stack     at maybeClose (internal/child_process.js:852:16)
14 verbose stack     at Process.ChildProcess._handle.onexit (internal/child_process.js:215:5)
15 verbose pkgid myosbb-web-app@1.0.0
16 verbose cwd /home/aska/project/tmp/myosbb/web/src/main/resources/public
17 error Linux 4.6.4-1-ARCH
18 error argv "/usr/bin/node" "/usr/bin/npm" "run" "gulp"
19 error node v6.3.1
20 error npm  v3.10.5
21 error code ELIFECYCLE
22 error myosbb-web-app@1.0.0 gulp: `gulp`
22 error Exit status 1
23 error Failed at the myosbb-web-app@1.0.0 gulp script 'gulp'.
23 error Make sure you have the latest version of node.js and npm installed.
23 error If you do, this is most likely a problem with the myosbb-web-app package,
23 error not with npm itself.
23 error Tell the author that this fails on your system:
23 error     gulp
23 error You can get information on how to open an issue for this project with:
23 error     npm bugs myosbb-web-app
23 error Or if that isn't available, you can get their info via:
23 error     npm owner ls myosbb-web-app
23 error There is likely additional logging output above.
24 verbose exit [ 1, true ]
